<!DOCTYPE html PUBLIC "-//W3C//DTD XHTML 1.1//EN" "https://www.w3.org/TR/xhtml11/DTD/xhtml11.dtd">
<html xmlns="https://www.w3.org/1999/xhtml">
<head>
<meta http-equiv="content-type" content="text/html; charset=UTF-8"/>
<title>TestNG Report</title>
<style type="text/css">table {margin-bottom:10px;border-collapse:collapse;empty-cells:show}th,td {border:1px solid #009;padding:.25em .5em}th {vertical-align:bottom}td {vertical-align:top}table a {font-weight:bold}.stripe td {background-color: #E6EBF9}.num {text-align:right}.passedodd td {background-color: #3F3}.passedeven td {background-color: #0A0}.skippedodd td {background-color: #DDD}.skippedeven td {background-color: #CCC}.failedodd td,.attn {background-color: #F33}.failedeven td,.stripe .attn {background-color: #D00}.stacktrace {white-space:pre;font-family:monospace}.totop {font-size:85%;text-align:center;border-bottom:2px solid #000}.invisible {display:none}</style>
</head>
<body>
<table>
<tr><th>Test</th><th># Passed</th><th># Skipped</th><th># Retried</th><th># Failed</th><th>Time (ms)</th><th>Included Groups</th><th>Excluded Groups</th></tr>
<tr><th colspan="8">Default suite</th></tr>
<tr><td><a href="#t0">Default test</a></td><td class="num">34</td><td class="num">0</td><td class="num">0</td><td class="num attn">10</td><td class="num">487</td><td></td><td></td></tr>
</table>
<table id='summary'><thead><tr><th>Class</th><th>Method</th><th>Start</th><th>Time (ms)</th></tr></thead><tbody><tr><th colspan="4">Default suite</th></tr></tbody><tbody id="t0"><tr><th colspan="4">Default test &#8212; failed</th></tr><tr class="failedeven"><td rowspan="10">restaurant.test.testng.Tests</td><td><a href="#m0">testDeStressCantidadStockDeIngrediente</a></td><td rowspan="10">1634844415222</td><td rowspan="10">13</td></tr><tr class="failedeven"><td><a href="#m1">testDeStressCantidadStockDeIngrediente</a></td></tr><tr class="failedeven"><td><a href="#m2">testDeStressCantidadStockDeIngrediente</a></td></tr><tr class="failedeven"><td><a href="#m3">testDeStressCantidadStockDeIngrediente</a></td></tr><tr class="failedeven"><td><a href="#m4">testDeStressCantidadStockDeIngrediente</a></td></tr><tr class="failedeven"><td><a href="#m5">testDeStressCantidadStockDeIngrediente</a></td></tr><tr class="failedeven"><td><a href="#m6">testDeStressCantidadStockDeIngrediente</a></td></tr><tr class="failedeven"><td><a href="#m7">testDeStressCantidadStockDeIngrediente</a></td></tr><tr class="failedeven"><td><a href="#m8">testDeStressCantidadStockDeIngrediente</a></td></tr><tr class="failedeven"><td><a href="#m9">testDeStressCantidadStockDeIngrediente</a></td></tr><tr><th colspan="4">Default test &#8212; passed</th></tr><tr class="passedeven"><td rowspan="34">restaurant.test.testng.Tests</td><td><a href="#m10">testGananciaMayor</a></td><td rowspan="10">1634844415357</td><td rowspan="10">2</td></tr><tr class="passedeven"><td><a href="#m11">testGananciaMayor</a></td></tr><tr class="passedeven"><td><a href="#m12">testGananciaMayor</a></td></tr><tr class="passedeven"><td><a href="#m13">testGananciaMayor</a></td></tr><tr class="passedeven"><td><a href="#m14">testGananciaMayor</a></td></tr><tr class="passedeven"><td><a href="#m15">testGananciaMayor</a></td></tr><tr class="passedeven"><td><a href="#m16">testGananciaMayor</a></td></tr><tr class="passedeven"><td><a href="#m17">testGananciaMayor</a></td></tr><tr class="passedeven"><td><a href="#m18">testGananciaMayor</a></td></tr><tr class="passedeven"><td><a href="#m19">testGananciaMayor</a></td></tr><tr class="passedeven"><td><a href="#m20">testPreciosUnitarios</a></td><td rowspan="10">1634844415484</td><td rowspan="10">2</td></tr><tr class="passedeven"><td><a href="#m21">testPreciosUnitarios</a></td></tr><tr class="passedeven"><td><a href="#m22">testPreciosUnitarios</a></td></tr><tr class="passedeven"><td><a href="#m23">testPreciosUnitarios</a></td></tr><tr class="passedeven"><td><a href="#m24">testPreciosUnitarios</a></td></tr><tr class="passedeven"><td><a href="#m25">testPreciosUnitarios</a></td></tr><tr class="passedeven"><td><a href="#m26">testPreciosUnitarios</a></td></tr><tr class="passedeven"><td><a href="#m27">testPreciosUnitarios</a></td></tr><tr class="passedeven"><td><a href="#m28">testPreciosUnitarios</a></td></tr><tr class="passedeven"><td><a href="#m29">testPreciosUnitarios</a></td></tr><tr class="passedeven"><td><a href="#m30">testPrimerLetraDistinta</a></td><td rowspan="10">1634844415567</td><td rowspan="10">2</td></tr><tr class="passedeven"><td><a href="#m31">testPrimerLetraDistinta</a></td></tr><tr class="passedeven"><td><a href="#m32">testPrimerLetraDistinta</a></td></tr><tr class="passedeven"><td><a href="#m33">testPrimerLetraDistinta</a></td></tr><tr class="passedeven"><td><a href="#m34">testPrimerLetraDistinta</a></td></tr><tr class="passedeven"><td><a href="#m35">testPrimerLetraDistinta</a></td></tr><tr class="passedeven"><td><a href="#m36">testPrimerLetraDistinta</a></td></tr><tr class="passedeven"><td><a href="#m37">testPrimerLetraDistinta</a></td></tr><tr class="passedeven"><td><a href="#m38">testPrimerLetraDistinta</a></td></tr><tr class="passedeven"><td><a href="#m39">testPrimerLetraDistinta</a></td></tr><tr class="passedeven"><td><a href="#m40">testThrowSinSaldoException</a></td><td rowspan="4">1634844415590</td><td rowspan="4">3</td></tr><tr class="passedeven"><td><a href="#m41">testThrowSinSaldoException</a></td></tr><tr class="passedeven"><td><a href="#m42">testThrowSinSaldoException</a></td></tr><tr class="passedeven"><td><a href="#m43">testThrowSinSaldoException</a></td></tr></tbody>
</table>
<h2>Default test</h2><h3 id="m0">restaurant.test.testng.Tests#testDeStressCantidadStockDeIngrediente</h3><table class="result"><tr class="param"><th>Parameter #1</th></tr><tr class="param stripe"><td>restaurant.java.Ingrediente@18271936</td></tr><tr><th>Exception</th></tr><tr><td><div class="stacktrace">java.lang.AssertionError: expected [true] but found [false]
	at org.testng.Assert.fail(Assert.java:99)
	at org.testng.Assert.failNotEquals(Assert.java:1037)
	at org.testng.Assert.assertTrue(Assert.java:45)
	at org.testng.Assert.assertTrue(Assert.java:55)
	at restaurant.test.testng.Tests.testDeStressCantidadStockDeIngrediente(Tests.java:162)
	at java.base/jdk.internal.reflect.NativeMethodAccessorImpl.invoke0(Native Method)
	at java.base/jdk.internal.reflect.NativeMethodAccessorImpl.invoke(NativeMethodAccessorImpl.java:78)
	at java.base/jdk.internal.reflect.DelegatingMethodAccessorImpl.invoke(DelegatingMethodAccessorImpl.java:43)
	at java.base/java.lang.reflect.Method.invoke(Method.java:567)
	at org.testng.internal.MethodInvocationHelper.invokeMethod(MethodInvocationHelper.java:133)
	at org.testng.internal.TestInvoker.invokeMethod(TestInvoker.java:598)
	at org.testng.internal.TestInvoker.invokeTestMethod(TestInvoker.java:173)
	at org.testng.internal.MethodRunner.runInSequence(MethodRunner.java:46)
	at org.testng.internal.TestInvoker$MethodInvocationAgent.invoke(TestInvoker.java:824)
	at org.testng.internal.TestInvoker.invokeTestMethods(TestInvoker.java:146)
	at org.testng.internal.TestMethodWorker.invokeTestMethods(TestMethodWorker.java:146)
	at org.testng.internal.TestMethodWorker.run(TestMethodWorker.java:128)
	at java.base/java.util.ArrayList.forEach(ArrayList.java:1511)
	at org.testng.TestRunner.privateRun(TestRunner.java:794)
	at org.testng.TestRunner.run(TestRunner.java:596)
	at org.testng.SuiteRunner.runTest(SuiteRunner.java:377)
	at org.testng.SuiteRunner.runSequentially(SuiteRunner.java:371)
	at org.testng.SuiteRunner.privateRun(SuiteRunner.java:332)
	at org.testng.SuiteRunner.run(SuiteRunner.java:276)
	at org.testng.SuiteRunnerWorker.runSuite(SuiteRunnerWorker.java:53)
	at org.testng.SuiteRunnerWorker.run(SuiteRunnerWorker.java:96)
	at org.testng.TestNG.runSuitesSequentially(TestNG.java:1212)
	at org.testng.TestNG.runSuitesLocally(TestNG.java:1134)
	at org.testng.TestNG.runSuites(TestNG.java:1063)
	at org.testng.TestNG.run(TestNG.java:1031)
	at org.testng.remote.AbstractRemoteTestNG.run(AbstractRemoteTestNG.java:115)
	at org.testng.remote.RemoteTestNG.initAndRun(RemoteTestNG.java:251)
	at org.testng.remote.RemoteTestNG.main(RemoteTestNG.java:77)
</div></td></tr></table><p class="totop"><a href="#summary">back to summary</a></p>
<h3 id="m1">restaurant.test.testng.Tests#testDeStressCantidadStockDeIngrediente</h3><table class="result"><tr class="param"><th>Parameter #1</th></tr><tr class="param stripe"><td>restaurant.java.Ingrediente@18271936</td></tr><tr><th>Exception</th></tr><tr><td><div class="stacktrace">java.lang.AssertionError: expected [true] but found [false]
	at org.testng.Assert.fail(Assert.java:99)
	at org.testng.Assert.failNotEquals(Assert.java:1037)
	at org.testng.Assert.assertTrue(Assert.java:45)
	at org.testng.Assert.assertTrue(Assert.java:55)
	at restaurant.test.testng.Tests.testDeStressCantidadStockDeIngrediente(Tests.java:162)
	at java.base/jdk.internal.reflect.NativeMethodAccessorImpl.invoke0(Native Method)
	at java.base/jdk.internal.reflect.NativeMethodAccessorImpl.invoke(NativeMethodAccessorImpl.java:78)
	at java.base/jdk.internal.reflect.DelegatingMethodAccessorImpl.invoke(DelegatingMethodAccessorImpl.java:43)
	at java.base/java.lang.reflect.Method.invoke(Method.java:567)
	at org.testng.internal.MethodInvocationHelper.invokeMethod(MethodInvocationHelper.java:133)
	at org.testng.internal.TestInvoker.invokeMethod(TestInvoker.java:598)
	at org.testng.internal.TestInvoker.invokeTestMethod(TestInvoker.java:173)
	at org.testng.internal.MethodRunner.runInSequence(MethodRunner.java:46)
	at org.testng.internal.TestInvoker$MethodInvocationAgent.invoke(TestInvoker.java:824)
	at org.testng.internal.TestInvoker.invokeTestMethods(TestInvoker.java:146)
	at org.testng.internal.TestMethodWorker.invokeTestMethods(TestMethodWorker.java:146)
	at org.testng.internal.TestMethodWorker.run(TestMethodWorker.java:128)
	at java.base/java.util.ArrayList.forEach(ArrayList.java:1511)
	at org.testng.TestRunner.privateRun(TestRunner.java:794)
	at org.testng.TestRunner.run(TestRunner.java:596)
	at org.testng.SuiteRunner.runTest(SuiteRunner.java:377)
	at org.testng.SuiteRunner.runSequentially(SuiteRunner.java:371)
	at org.testng.SuiteRunner.privateRun(SuiteRunner.java:332)
	at org.testng.SuiteRunner.run(SuiteRunner.java:276)
	at org.testng.SuiteRunnerWorker.runSuite(SuiteRunnerWorker.java:53)
	at org.testng.SuiteRunnerWorker.run(SuiteRunnerWorker.java:96)
	at org.testng.TestNG.runSuitesSequentially(TestNG.java:1212)
	at org.testng.TestNG.runSuitesLocally(TestNG.java:1134)
	at org.testng.TestNG.runSuites(TestNG.java:1063)
	at org.testng.TestNG.run(TestNG.java:1031)
	at org.testng.remote.AbstractRemoteTestNG.run(AbstractRemoteTestNG.java:115)
	at org.testng.remote.RemoteTestNG.initAndRun(RemoteTestNG.java:251)
	at org.testng.remote.RemoteTestNG.main(RemoteTestNG.java:77)
</div></td></tr></table><p class="totop"><a href="#summary">back to summary</a></p>
<h3 id="m2">restaurant.test.testng.Tests#testDeStressCantidadStockDeIngrediente</h3><table class="result"><tr class="param"><th>Parameter #1</th></tr><tr class="param stripe"><td>restaurant.java.Ingrediente@231f98ef</td></tr><tr><th>Exception</th></tr><tr><td><div class="stacktrace">java.lang.AssertionError: expected [true] but found [false]
	at org.testng.Assert.fail(Assert.java:99)
	at org.testng.Assert.failNotEquals(Assert.java:1037)
	at org.testng.Assert.assertTrue(Assert.java:45)
	at org.testng.Assert.assertTrue(Assert.java:55)
	at restaurant.test.testng.Tests.testDeStressCantidadStockDeIngrediente(Tests.java:162)
	at java.base/jdk.internal.reflect.NativeMethodAccessorImpl.invoke0(Native Method)
	at java.base/jdk.internal.reflect.NativeMethodAccessorImpl.invoke(NativeMethodAccessorImpl.java:78)
	at java.base/jdk.internal.reflect.DelegatingMethodAccessorImpl.invoke(DelegatingMethodAccessorImpl.java:43)
	at java.base/java.lang.reflect.Method.invoke(Method.java:567)
	at org.testng.internal.MethodInvocationHelper.invokeMethod(MethodInvocationHelper.java:133)
	at org.testng.internal.TestInvoker.invokeMethod(TestInvoker.java:598)
	at org.testng.internal.TestInvoker.invokeTestMethod(TestInvoker.java:173)
	at org.testng.internal.MethodRunner.runInSequence(MethodRunner.java:46)
	at org.testng.internal.TestInvoker$MethodInvocationAgent.invoke(TestInvoker.java:824)
	at org.testng.internal.TestInvoker.invokeTestMethods(TestInvoker.java:146)
	at org.testng.internal.TestMethodWorker.invokeTestMethods(TestMethodWorker.java:146)
	at org.testng.internal.TestMethodWorker.run(TestMethodWorker.java:128)
	at java.base/java.util.ArrayList.forEach(ArrayList.java:1511)
	at org.testng.TestRunner.privateRun(TestRunner.java:794)
	at org.testng.TestRunner.run(TestRunner.java:596)
	at org.testng.SuiteRunner.runTest(SuiteRunner.java:377)
	at org.testng.SuiteRunner.runSequentially(SuiteRunner.java:371)
	at org.testng.SuiteRunner.privateRun(SuiteRunner.java:332)
	at org.testng.SuiteRunner.run(SuiteRunner.java:276)
	at org.testng.SuiteRunnerWorker.runSuite(SuiteRunnerWorker.java:53)
	at org.testng.SuiteRunnerWorker.run(SuiteRunnerWorker.java:96)
	at org.testng.TestNG.runSuitesSequentially(TestNG.java:1212)
	at org.testng.TestNG.runSuitesLocally(TestNG.java:1134)
	at org.testng.TestNG.runSuites(TestNG.java:1063)
	at org.testng.TestNG.run(TestNG.java:1031)
	at org.testng.remote.AbstractRemoteTestNG.run(AbstractRemoteTestNG.java:115)
	at org.testng.remote.RemoteTestNG.initAndRun(RemoteTestNG.java:251)
	at org.testng.remote.RemoteTestNG.main(RemoteTestNG.java:77)
</div></td></tr></table><p class="totop"><a href="#summary">back to summary</a></p>
<h3 id="m3">restaurant.test.testng.Tests#testDeStressCantidadStockDeIngrediente</h3><table class="result"><tr class="param"><th>Parameter #1</th></tr><tr class="param stripe"><td>restaurant.java.Ingrediente@8462f31</td></tr><tr><th>Exception</th></tr><tr><td><div class="stacktrace">java.lang.AssertionError: expected [true] but found [false]
	at org.testng.Assert.fail(Assert.java:99)
	at org.testng.Assert.failNotEquals(Assert.java:1037)
	at org.testng.Assert.assertTrue(Assert.java:45)
	at org.testng.Assert.assertTrue(Assert.java:55)
	at restaurant.test.testng.Tests.testDeStressCantidadStockDeIngrediente(Tests.java:162)
	at java.base/jdk.internal.reflect.NativeMethodAccessorImpl.invoke0(Native Method)
	at java.base/jdk.internal.reflect.NativeMethodAccessorImpl.invoke(NativeMethodAccessorImpl.java:78)
	at java.base/jdk.internal.reflect.DelegatingMethodAccessorImpl.invoke(DelegatingMethodAccessorImpl.java:43)
	at java.base/java.lang.reflect.Method.invoke(Method.java:567)
	at org.testng.internal.MethodInvocationHelper.invokeMethod(MethodInvocationHelper.java:133)
	at org.testng.internal.TestInvoker.invokeMethod(TestInvoker.java:598)
	at org.testng.internal.TestInvoker.invokeTestMethod(TestInvoker.java:173)
	at org.testng.internal.MethodRunner.runInSequence(MethodRunner.java:46)
	at org.testng.internal.TestInvoker$MethodInvocationAgent.invoke(TestInvoker.java:824)
	at org.testng.internal.TestInvoker.invokeTestMethods(TestInvoker.java:146)
	at org.testng.internal.TestMethodWorker.invokeTestMethods(TestMethodWorker.java:146)
	at org.testng.internal.TestMethodWorker.run(TestMethodWorker.java:128)
	at java.base/java.util.ArrayList.forEach(ArrayList.java:1511)
	at org.testng.TestRunner.privateRun(TestRunner.java:794)
	at org.testng.TestRunner.run(TestRunner.java:596)
	at org.testng.SuiteRunner.runTest(SuiteRunner.java:377)
	at org.testng.SuiteRunner.runSequentially(SuiteRunner.java:371)
	at org.testng.SuiteRunner.privateRun(SuiteRunner.java:332)
	at org.testng.SuiteRunner.run(SuiteRunner.java:276)
	at org.testng.SuiteRunnerWorker.runSuite(SuiteRunnerWorker.java:53)
	at org.testng.SuiteRunnerWorker.run(SuiteRunnerWorker.java:96)
	at org.testng.TestNG.runSuitesSequentially(TestNG.java:1212)
	at org.testng.TestNG.runSuitesLocally(TestNG.java:1134)
	at org.testng.TestNG.runSuites(TestNG.java:1063)
	at org.testng.TestNG.run(TestNG.java:1031)
	at org.testng.remote.AbstractRemoteTestNG.run(AbstractRemoteTestNG.java:115)
	at org.testng.remote.RemoteTestNG.initAndRun(RemoteTestNG.java:251)
	at org.testng.remote.RemoteTestNG.main(RemoteTestNG.java:77)
</div></td></tr></table><p class="totop"><a href="#summary">back to summary</a></p>
<h3 id="m4">restaurant.test.testng.Tests#testDeStressCantidadStockDeIngrediente</h3><table class="result"><tr class="param"><th>Parameter #1</th></tr><tr class="param stripe"><td>restaurant.java.Ingrediente@59402b8f</td></tr><tr><th>Exception</th></tr><tr><td><div class="stacktrace">java.lang.AssertionError: expected [true] but found [false]
	at org.testng.Assert.fail(Assert.java:99)
	at org.testng.Assert.failNotEquals(Assert.java:1037)
	at org.testng.Assert.assertTrue(Assert.java:45)
	at org.testng.Assert.assertTrue(Assert.java:55)
	at restaurant.test.testng.Tests.testDeStressCantidadStockDeIngrediente(Tests.java:162)
	at java.base/jdk.internal.reflect.NativeMethodAccessorImpl.invoke0(Native Method)
	at java.base/jdk.internal.reflect.NativeMethodAccessorImpl.invoke(NativeMethodAccessorImpl.java:78)
	at java.base/jdk.internal.reflect.DelegatingMethodAccessorImpl.invoke(DelegatingMethodAccessorImpl.java:43)
	at java.base/java.lang.reflect.Method.invoke(Method.java:567)
	at org.testng.internal.MethodInvocationHelper.invokeMethod(MethodInvocationHelper.java:133)
	at org.testng.internal.TestInvoker.invokeMethod(TestInvoker.java:598)
	at org.testng.internal.TestInvoker.invokeTestMethod(TestInvoker.java:173)
	at org.testng.internal.MethodRunner.runInSequence(MethodRunner.java:46)
	at org.testng.internal.TestInvoker$MethodInvocationAgent.invoke(TestInvoker.java:824)
	at org.testng.internal.TestInvoker.invokeTestMethods(TestInvoker.java:146)
	at org.testng.internal.TestMethodWorker.invokeTestMethods(TestMethodWorker.java:146)
	at org.testng.internal.TestMethodWorker.run(TestMethodWorker.java:128)
	at java.base/java.util.ArrayList.forEach(ArrayList.java:1511)
	at org.testng.TestRunner.privateRun(TestRunner.java:794)
	at org.testng.TestRunner.run(TestRunner.java:596)
	at org.testng.SuiteRunner.runTest(SuiteRunner.java:377)
	at org.testng.SuiteRunner.runSequentially(SuiteRunner.java:371)
	at org.testng.SuiteRunner.privateRun(SuiteRunner.java:332)
	at org.testng.SuiteRunner.run(SuiteRunner.java:276)
	at org.testng.SuiteRunnerWorker.runSuite(SuiteRunnerWorker.java:53)
	at org.testng.SuiteRunnerWorker.run(SuiteRunnerWorker.java:96)
	at org.testng.TestNG.runSuitesSequentially(TestNG.java:1212)
	at org.testng.TestNG.runSuitesLocally(TestNG.java:1134)
	at org.testng.TestNG.runSuites(TestNG.java:1063)
	at org.testng.TestNG.run(TestNG.java:1031)
	at org.testng.remote.AbstractRemoteTestNG.run(AbstractRemoteTestNG.java:115)
	at org.testng.remote.RemoteTestNG.initAndRun(RemoteTestNG.java:251)
	at org.testng.remote.RemoteTestNG.main(RemoteTestNG.java:77)
</div></td></tr></table><p class="totop"><a href="#summary">back to summary</a></p>
<h3 id="m5">restaurant.test.testng.Tests#testDeStressCantidadStockDeIngrediente</h3><table class="result"><tr class="param"><th>Parameter #1</th></tr><tr class="param stripe"><td>restaurant.java.Ingrediente@7e057f43</td></tr><tr><th>Exception</th></tr><tr><td><div class="stacktrace">java.lang.AssertionError: expected [true] but found [false]
	at org.testng.Assert.fail(Assert.java:99)
	at org.testng.Assert.failNotEquals(Assert.java:1037)
	at org.testng.Assert.assertTrue(Assert.java:45)
	at org.testng.Assert.assertTrue(Assert.java:55)
	at restaurant.test.testng.Tests.testDeStressCantidadStockDeIngrediente(Tests.java:162)
	at java.base/jdk.internal.reflect.NativeMethodAccessorImpl.invoke0(Native Method)
	at java.base/jdk.internal.reflect.NativeMethodAccessorImpl.invoke(NativeMethodAccessorImpl.java:78)
	at java.base/jdk.internal.reflect.DelegatingMethodAccessorImpl.invoke(DelegatingMethodAccessorImpl.java:43)
	at java.base/java.lang.reflect.Method.invoke(Method.java:567)
	at org.testng.internal.MethodInvocationHelper.invokeMethod(MethodInvocationHelper.java:133)
	at org.testng.internal.TestInvoker.invokeMethod(TestInvoker.java:598)
	at org.testng.internal.TestInvoker.invokeTestMethod(TestInvoker.java:173)
	at org.testng.internal.MethodRunner.runInSequence(MethodRunner.java:46)
	at org.testng.internal.TestInvoker$MethodInvocationAgent.invoke(TestInvoker.java:824)
	at org.testng.internal.TestInvoker.invokeTestMethods(TestInvoker.java:146)
	at org.testng.internal.TestMethodWorker.invokeTestMethods(TestMethodWorker.java:146)
	at org.testng.internal.TestMethodWorker.run(TestMethodWorker.java:128)
	at java.base/java.util.ArrayList.forEach(ArrayList.java:1511)
	at org.testng.TestRunner.privateRun(TestRunner.java:794)
	at org.testng.TestRunner.run(TestRunner.java:596)
	at org.testng.SuiteRunner.runTest(SuiteRunner.java:377)
	at org.testng.SuiteRunner.runSequentially(SuiteRunner.java:371)
	at org.testng.SuiteRunner.privateRun(SuiteRunner.java:332)
	at org.testng.SuiteRunner.run(SuiteRunner.java:276)
	at org.testng.SuiteRunnerWorker.runSuite(SuiteRunnerWorker.java:53)
	at org.testng.SuiteRunnerWorker.run(SuiteRunnerWorker.java:96)
	at org.testng.TestNG.runSuitesSequentially(TestNG.java:1212)
	at org.testng.TestNG.runSuitesLocally(TestNG.java:1134)
	at org.testng.TestNG.runSuites(TestNG.java:1063)
	at org.testng.TestNG.run(TestNG.java:1031)
	at org.testng.remote.AbstractRemoteTestNG.run(AbstractRemoteTestNG.java:115)
	at org.testng.remote.RemoteTestNG.initAndRun(RemoteTestNG.java:251)
	at org.testng.remote.RemoteTestNG.main(RemoteTestNG.java:77)
</div></td></tr></table><p class="totop"><a href="#summary">back to summary</a></p>
<h3 id="m6">restaurant.test.testng.Tests#testDeStressCantidadStockDeIngrediente</h3><table class="result"><tr class="param"><th>Parameter #1</th></tr><tr class="param stripe"><td>restaurant.java.Ingrediente@7e057f43</td></tr><tr><th>Exception</th></tr><tr><td><div class="stacktrace">java.lang.AssertionError: expected [true] but found [false]
	at org.testng.Assert.fail(Assert.java:99)
	at org.testng.Assert.failNotEquals(Assert.java:1037)
	at org.testng.Assert.assertTrue(Assert.java:45)
	at org.testng.Assert.assertTrue(Assert.java:55)
	at restaurant.test.testng.Tests.testDeStressCantidadStockDeIngrediente(Tests.java:162)
	at java.base/jdk.internal.reflect.NativeMethodAccessorImpl.invoke0(Native Method)
	at java.base/jdk.internal.reflect.NativeMethodAccessorImpl.invoke(NativeMethodAccessorImpl.java:78)
	at java.base/jdk.internal.reflect.DelegatingMethodAccessorImpl.invoke(DelegatingMethodAccessorImpl.java:43)
	at java.base/java.lang.reflect.Method.invoke(Method.java:567)
	at org.testng.internal.MethodInvocationHelper.invokeMethod(MethodInvocationHelper.java:133)
	at org.testng.internal.TestInvoker.invokeMethod(TestInvoker.java:598)
	at org.testng.internal.TestInvoker.invokeTestMethod(TestInvoker.java:173)
	at org.testng.internal.MethodRunner.runInSequence(MethodRunner.java:46)
	at org.testng.internal.TestInvoker$MethodInvocationAgent.invoke(TestInvoker.java:824)
	at org.testng.internal.TestInvoker.invokeTestMethods(TestInvoker.java:146)
	at org.testng.internal.TestMethodWorker.invokeTestMethods(TestMethodWorker.java:146)
	at org.testng.internal.TestMethodWorker.run(TestMethodWorker.java:128)
	at java.base/java.util.ArrayList.forEach(ArrayList.java:1511)
	at org.testng.TestRunner.privateRun(TestRunner.java:794)
	at org.testng.TestRunner.run(TestRunner.java:596)
	at org.testng.SuiteRunner.runTest(SuiteRunner.java:377)
	at org.testng.SuiteRunner.runSequentially(SuiteRunner.java:371)
	at org.testng.SuiteRunner.privateRun(SuiteRunner.java:332)
	at org.testng.SuiteRunner.run(SuiteRunner.java:276)
	at org.testng.SuiteRunnerWorker.runSuite(SuiteRunnerWorker.java:53)
	at org.testng.SuiteRunnerWorker.run(SuiteRunnerWorker.java:96)
	at org.testng.TestNG.runSuitesSequentially(TestNG.java:1212)
	at org.testng.TestNG.runSuitesLocally(TestNG.java:1134)
	at org.testng.TestNG.runSuites(TestNG.java:1063)
	at org.testng.TestNG.run(TestNG.java:1031)
	at org.testng.remote.AbstractRemoteTestNG.run(AbstractRemoteTestNG.java:115)
	at org.testng.remote.RemoteTestNG.initAndRun(RemoteTestNG.java:251)
	at org.testng.remote.RemoteTestNG.main(RemoteTestNG.java:77)
</div></td></tr></table><p class="totop"><a href="#summary">back to summary</a></p>
<h3 id="m7">restaurant.test.testng.Tests#testDeStressCantidadStockDeIngrediente</h3><table class="result"><tr class="param"><th>Parameter #1</th></tr><tr class="param stripe"><td>restaurant.java.Ingrediente@231f98ef</td></tr><tr><th>Exception</th></tr><tr><td><div class="stacktrace">java.lang.AssertionError: expected [true] but found [false]
	at org.testng.Assert.fail(Assert.java:99)
	at org.testng.Assert.failNotEquals(Assert.java:1037)
	at org.testng.Assert.assertTrue(Assert.java:45)
	at org.testng.Assert.assertTrue(Assert.java:55)
	at restaurant.test.testng.Tests.testDeStressCantidadStockDeIngrediente(Tests.java:162)
	at java.base/jdk.internal.reflect.NativeMethodAccessorImpl.invoke0(Native Method)
	at java.base/jdk.internal.reflect.NativeMethodAccessorImpl.invoke(NativeMethodAccessorImpl.java:78)
	at java.base/jdk.internal.reflect.DelegatingMethodAccessorImpl.invoke(DelegatingMethodAccessorImpl.java:43)
	at java.base/java.lang.reflect.Method.invoke(Method.java:567)
	at org.testng.internal.MethodInvocationHelper.invokeMethod(MethodInvocationHelper.java:133)
	at org.testng.internal.TestInvoker.invokeMethod(TestInvoker.java:598)
	at org.testng.internal.TestInvoker.invokeTestMethod(TestInvoker.java:173)
	at org.testng.internal.MethodRunner.runInSequence(MethodRunner.java:46)
	at org.testng.internal.TestInvoker$MethodInvocationAgent.invoke(TestInvoker.java:824)
	at org.testng.internal.TestInvoker.invokeTestMethods(TestInvoker.java:146)
	at org.testng.internal.TestMethodWorker.invokeTestMethods(TestMethodWorker.java:146)
	at org.testng.internal.TestMethodWorker.run(TestMethodWorker.java:128)
	at java.base/java.util.ArrayList.forEach(ArrayList.java:1511)
	at org.testng.TestRunner.privateRun(TestRunner.java:794)
	at org.testng.TestRunner.run(TestRunner.java:596)
	at org.testng.SuiteRunner.runTest(SuiteRunner.java:377)
	at org.testng.SuiteRunner.runSequentially(SuiteRunner.java:371)
	at org.testng.SuiteRunner.privateRun(SuiteRunner.java:332)
	at org.testng.SuiteRunner.run(SuiteRunner.java:276)
	at org.testng.SuiteRunnerWorker.runSuite(SuiteRunnerWorker.java:53)
	at org.testng.SuiteRunnerWorker.run(SuiteRunnerWorker.java:96)
	at org.testng.TestNG.runSuitesSequentially(TestNG.java:1212)
	at org.testng.TestNG.runSuitesLocally(TestNG.java:1134)
	at org.testng.TestNG.runSuites(TestNG.java:1063)
	at org.testng.TestNG.run(TestNG.java:1031)
	at org.testng.remote.AbstractRemoteTestNG.run(AbstractRemoteTestNG.java:115)
	at org.testng.remote.RemoteTestNG.initAndRun(RemoteTestNG.java:251)
	at org.testng.remote.RemoteTestNG.main(RemoteTestNG.java:77)
</div></td></tr></table><p class="totop"><a href="#summary">back to summary</a></p>
<h3 id="m8">restaurant.test.testng.Tests#testDeStressCantidadStockDeIngrediente</h3><table class="result"><tr class="param"><th>Parameter #1</th></tr><tr class="param stripe"><td>restaurant.java.Ingrediente@18271936</td></tr><tr><th>Exception</th></tr><tr><td><div class="stacktrace">java.lang.AssertionError: expected [true] but found [false]
	at org.testng.Assert.fail(Assert.java:99)
	at org.testng.Assert.failNotEquals(Assert.java:1037)
	at org.testng.Assert.assertTrue(Assert.java:45)
	at org.testng.Assert.assertTrue(Assert.java:55)
	at restaurant.test.testng.Tests.testDeStressCantidadStockDeIngrediente(Tests.java:162)
	at java.base/jdk.internal.reflect.NativeMethodAccessorImpl.invoke0(Native Method)
	at java.base/jdk.internal.reflect.NativeMethodAccessorImpl.invoke(NativeMethodAccessorImpl.java:78)
	at java.base/jdk.internal.reflect.DelegatingMethodAccessorImpl.invoke(DelegatingMethodAccessorImpl.java:43)
	at java.base/java.lang.reflect.Method.invoke(Method.java:567)
	at org.testng.internal.MethodInvocationHelper.invokeMethod(MethodInvocationHelper.java:133)
	at org.testng.internal.TestInvoker.invokeMethod(TestInvoker.java:598)
	at org.testng.internal.TestInvoker.invokeTestMethod(TestInvoker.java:173)
	at org.testng.internal.MethodRunner.runInSequence(MethodRunner.java:46)
	at org.testng.internal.TestInvoker$MethodInvocationAgent.invoke(TestInvoker.java:824)
	at org.testng.internal.TestInvoker.invokeTestMethods(TestInvoker.java:146)
	at org.testng.internal.TestMethodWorker.invokeTestMethods(TestMethodWorker.java:146)
	at org.testng.internal.TestMethodWorker.run(TestMethodWorker.java:128)
	at java.base/java.util.ArrayList.forEach(ArrayList.java:1511)
	at org.testng.TestRunner.privateRun(TestRunner.java:794)
	at org.testng.TestRunner.run(TestRunner.java:596)
	at org.testng.SuiteRunner.runTest(SuiteRunner.java:377)
	at org.testng.SuiteRunner.runSequentially(SuiteRunner.java:371)
	at org.testng.SuiteRunner.privateRun(SuiteRunner.java:332)
	at org.testng.SuiteRunner.run(SuiteRunner.java:276)
	at org.testng.SuiteRunnerWorker.runSuite(SuiteRunnerWorker.java:53)
	at org.testng.SuiteRunnerWorker.run(SuiteRunnerWorker.java:96)
	at org.testng.TestNG.runSuitesSequentially(TestNG.java:1212)
	at org.testng.TestNG.runSuitesLocally(TestNG.java:1134)
	at org.testng.TestNG.runSuites(TestNG.java:1063)
	at org.testng.TestNG.run(TestNG.java:1031)
	at org.testng.remote.AbstractRemoteTestNG.run(AbstractRemoteTestNG.java:115)
	at org.testng.remote.RemoteTestNG.initAndRun(RemoteTestNG.java:251)
	at org.testng.remote.RemoteTestNG.main(RemoteTestNG.java:77)
</div></td></tr></table><p class="totop"><a href="#summary">back to summary</a></p>
<h3 id="m9">restaurant.test.testng.Tests#testDeStressCantidadStockDeIngrediente</h3><table class="result"><tr class="param"><th>Parameter #1</th></tr><tr class="param stripe"><td>restaurant.java.Ingrediente@18271936</td></tr><tr><th>Exception</th></tr><tr><td><div class="stacktrace">java.lang.AssertionError: expected [true] but found [false]
	at org.testng.Assert.fail(Assert.java:99)
	at org.testng.Assert.failNotEquals(Assert.java:1037)
	at org.testng.Assert.assertTrue(Assert.java:45)
	at org.testng.Assert.assertTrue(Assert.java:55)
	at restaurant.test.testng.Tests.testDeStressCantidadStockDeIngrediente(Tests.java:162)
	at java.base/jdk.internal.reflect.NativeMethodAccessorImpl.invoke0(Native Method)
	at java.base/jdk.internal.reflect.NativeMethodAccessorImpl.invoke(NativeMethodAccessorImpl.java:78)
	at java.base/jdk.internal.reflect.DelegatingMethodAccessorImpl.invoke(DelegatingMethodAccessorImpl.java:43)
	at java.base/java.lang.reflect.Method.invoke(Method.java:567)
	at org.testng.internal.MethodInvocationHelper.invokeMethod(MethodInvocationHelper.java:133)
	at org.testng.internal.TestInvoker.invokeMethod(TestInvoker.java:598)
	at org.testng.internal.TestInvoker.invokeTestMethod(TestInvoker.java:173)
	at org.testng.internal.MethodRunner.runInSequence(MethodRunner.java:46)
	at org.testng.internal.TestInvoker$MethodInvocationAgent.invoke(TestInvoker.java:824)
	at org.testng.internal.TestInvoker.invokeTestMethods(TestInvoker.java:146)
	at org.testng.internal.TestMethodWorker.invokeTestMethods(TestMethodWorker.java:146)
	at org.testng.internal.TestMethodWorker.run(TestMethodWorker.java:128)
	at java.base/java.util.ArrayList.forEach(ArrayList.java:1511)
	at org.testng.TestRunner.privateRun(TestRunner.java:794)
	at org.testng.TestRunner.run(TestRunner.java:596)
	at org.testng.SuiteRunner.runTest(SuiteRunner.java:377)
	at org.testng.SuiteRunner.runSequentially(SuiteRunner.java:371)
	at org.testng.SuiteRunner.privateRun(SuiteRunner.java:332)
	at org.testng.SuiteRunner.run(SuiteRunner.java:276)
	at org.testng.SuiteRunnerWorker.runSuite(SuiteRunnerWorker.java:53)
	at org.testng.SuiteRunnerWorker.run(SuiteRunnerWorker.java:96)
	at org.testng.TestNG.runSuitesSequentially(TestNG.java:1212)
	at org.testng.TestNG.runSuitesLocally(TestNG.java:1134)
	at org.testng.TestNG.runSuites(TestNG.java:1063)
	at org.testng.TestNG.run(TestNG.java:1031)
	at org.testng.remote.AbstractRemoteTestNG.run(AbstractRemoteTestNG.java:115)
	at org.testng.remote.RemoteTestNG.initAndRun(RemoteTestNG.java:251)
	at org.testng.remote.RemoteTestNG.main(RemoteTestNG.java:77)
</div></td></tr></table><p class="totop"><a href="#summary">back to summary</a></p>
<h3 id="m10">restaurant.test.testng.Tests#testGananciaMayor</h3><table class="result"><tr class="param"><th>Parameter #1</th></tr><tr class="param stripe"><td>Lata Sprite</td></tr></table><p class="totop"><a href="#summary">back to summary</a></p>
<h3 id="m11">restaurant.test.testng.Tests#testGananciaMayor</h3><table class="result"><tr class="param"><th>Parameter #1</th></tr><tr class="param stripe"><td>BIG O</td></tr></table><p class="totop"><a href="#summary">back to summary</a></p>
<h3 id="m12">restaurant.test.testng.Tests#testGananciaMayor</h3><table class="result"><tr class="param"><th>Parameter #1</th></tr><tr class="param stripe"><td>Lata Coca Cola</td></tr></table><p class="totop"><a href="#summary">back to summary</a></p>
<h3 id="m13">restaurant.test.testng.Tests#testGananciaMayor</h3><table class="result"><tr class="param"><th>Parameter #1</th></tr><tr class="param stripe"><td>PATATAS</td></tr></table><p class="totop"><a href="#summary">back to summary</a></p>
<h3 id="m14">restaurant.test.testng.Tests#testGananciaMayor</h3><table class="result"><tr class="param"><th>Parameter #1</th></tr><tr class="param stripe"><td>PATATAS</td></tr></table><p class="totop"><a href="#summary">back to summary</a></p>
<h3 id="m15">restaurant.test.testng.Tests#testGananciaMayor</h3><table class="result"><tr class="param"><th>Parameter #1</th></tr><tr class="param stripe"><td>PATATAS</td></tr></table><p class="totop"><a href="#summary">back to summary</a></p>
<h3 id="m16">restaurant.test.testng.Tests#testGananciaMayor</h3><table class="result"><tr class="param"><th>Parameter #1</th></tr><tr class="param stripe"><td>BIG O</td></tr></table><p class="totop"><a href="#summary">back to summary</a></p>
<h3 id="m17">restaurant.test.testng.Tests#testGananciaMayor</h3><table class="result"><tr class="param"><th>Parameter #1</th></tr><tr class="param stripe"><td>PATATAS</td></tr></table><p class="totop"><a href="#summary">back to summary</a></p>
<h3 id="m18">restaurant.test.testng.Tests#testGananciaMayor</h3><table class="result"><tr class="param"><th>Parameter #1</th></tr><tr class="param stripe"><td>PATATAS</td></tr></table><p class="totop"><a href="#summary">back to summary</a></p>
<h3 id="m19">restaurant.test.testng.Tests#testGananciaMayor</h3><table class="result"><tr class="param"><th>Parameter #1</th></tr><tr class="param stripe"><td>Lata Sprite</td></tr></table><p class="totop"><a href="#summary">back to summary</a></p>
<h3 id="m20">restaurant.test.testng.Tests#testPreciosUnitarios</h3><table class="result"><tr class="param"><th>Parameter #1</th></tr><tr class="param stripe"><td>PATATAS</td></tr></table><p class="totop"><a href="#summary">back to summary</a></p>
<h3 id="m21">restaurant.test.testng.Tests#testPreciosUnitarios</h3><table class="result"><tr class="param"><th>Parameter #1</th></tr><tr class="param stripe"><td>PATATAS</td></tr></table><p class="totop"><a href="#summary">back to summary</a></p>
<h3 id="m22">restaurant.test.testng.Tests#testPreciosUnitarios</h3><table class="result"><tr class="param"><th>Parameter #1</th></tr><tr class="param stripe"><td>PATATAS</td></tr></table><p class="totop"><a href="#summary">back to summary</a></p>
<h3 id="m23">restaurant.test.testng.Tests#testPreciosUnitarios</h3><table class="result"><tr class="param"><th>Parameter #1</th></tr><tr class="param stripe"><td>Lata Sprite</td></tr></table><p class="totop"><a href="#summary">back to summary</a></p>
<h3 id="m24">restaurant.test.testng.Tests#testPreciosUnitarios</h3><table class="result"><tr class="param"><th>Parameter #1</th></tr><tr class="param stripe"><td>BIG O</td></tr></table><p class="totop"><a href="#summary">back to summary</a></p>
<h3 id="m25">restaurant.test.testng.Tests#testPreciosUnitarios</h3><table class="result"><tr class="param"><th>Parameter #1</th></tr><tr class="param stripe"><td>Retorti</td></tr></table><p class="totop"><a href="#summary">back to summary</a></p>
<h3 id="m26">restaurant.test.testng.Tests#testPreciosUnitarios</h3><table class="result"><tr class="param"><th>Parameter #1</th></tr><tr class="param stripe"><td>Retorti</td></tr></table><p class="totop"><a href="#summary">back to summary</a></p>
<h3 id="m27">restaurant.test.testng.Tests#testPreciosUnitarios</h3><table class="result"><tr class="param"><th>Parameter #1</th></tr><tr class="param stripe"><td>PATATAS</td></tr></table><p class="totop"><a href="#summary">back to summary</a></p>
<h3 id="m28">restaurant.test.testng.Tests#testPreciosUnitarios</h3><table class="result"><tr class="param"><th>Parameter #1</th></tr><tr class="param stripe"><td>Lata Sprite</td></tr></table><p class="totop"><a href="#summary">back to summary</a></p>
<h3 id="m29">restaurant.test.testng.Tests#testPreciosUnitarios</h3><table class="result"><tr class="param"><th>Parameter #1</th></tr><tr class="param stripe"><td>Retorti</td></tr></table><p class="totop"><a href="#summary">back to summary</a></p>
<h3 id="m30">restaurant.test.testng.Tests#testPrimerLetraDistinta</h3><table class="result"><tr class="param"><th>Parameter #1</th></tr><tr class="param stripe"><td>restaurant.java.Receta@533bda92</td></tr></table><p class="totop"><a href="#summary">back to summary</a></p>
<h3 id="m31">restaurant.test.testng.Tests#testPrimerLetraDistinta</h3><table class="result"><tr class="param"><th>Parameter #1</th></tr><tr class="param stripe"><td>restaurant.java.Receta@548a24a</td></tr></table><p class="totop"><a href="#summary">back to summary</a></p>
<h3 id="m32">restaurant.test.testng.Tests#testPrimerLetraDistinta</h3><table class="result"><tr class="param"><th>Parameter #1</th></tr><tr class="param stripe"><td>restaurant.java.Receta@533bda92</td></tr></table><p class="totop"><a href="#summary">back to summary</a></p>
<h3 id="m33">restaurant.test.testng.Tests#testPrimerLetraDistinta</h3><table class="result"><tr class="param"><th>Parameter #1</th></tr><tr class="param stripe"><td>restaurant.java.Receta@548a24a</td></tr></table><p class="totop"><a href="#summary">back to summary</a></p>
<h3 id="m34">restaurant.test.testng.Tests#testPrimerLetraDistinta</h3><table class="result"><tr class="param"><th>Parameter #1</th></tr><tr class="param stripe"><td>restaurant.java.Receta@548a24a</td></tr></table><p class="totop"><a href="#summary">back to summary</a></p>
<h3 id="m35">restaurant.test.testng.Tests#testPrimerLetraDistinta</h3><table class="result"><tr class="param"><th>Parameter #1</th></tr><tr class="param stripe"><td>restaurant.java.Receta@548a24a</td></tr></table><p class="totop"><a href="#summary">back to summary</a></p>
<h3 id="m36">restaurant.test.testng.Tests#testPrimerLetraDistinta</h3><table class="result"><tr class="param"><th>Parameter #1</th></tr><tr class="param stripe"><td>restaurant.java.Receta@533bda92</td></tr></table><p class="totop"><a href="#summary">back to summary</a></p>
<h3 id="m37">restaurant.test.testng.Tests#testPrimerLetraDistinta</h3><table class="result"><tr class="param"><th>Parameter #1</th></tr><tr class="param stripe"><td>restaurant.java.Receta@61c4eee0</td></tr></table><p class="totop"><a href="#summary">back to summary</a></p>
<h3 id="m38">restaurant.test.testng.Tests#testPrimerLetraDistinta</h3><table class="result"><tr class="param"><th>Parameter #1</th></tr><tr class="param stripe"><td>restaurant.java.Receta@61c4eee0</td></tr></table><p class="totop"><a href="#summary">back to summary</a></p>
<h3 id="m39">restaurant.test.testng.Tests#testPrimerLetraDistinta</h3><table class="result"><tr class="param"><th>Parameter #1</th></tr><tr class="param stripe"><td>restaurant.java.Receta@61c4eee0</td></tr></table><p class="totop"><a href="#summary">back to summary</a></p>
<h3 id="m40">restaurant.test.testng.Tests#testThrowSinSaldoException</h3><table class="result"><tr class="param"><th>Parameter #1</th></tr><tr class="param stripe"><td>Homero Simpsonhomerojsimpson@springfield.com</td></tr><tr><th>Expected Exception</th></tr><tr><td><div class="stacktrace">No tiene suficiente saldo
	at restaurant.java.Usuario.descontarSaldo(Usuario.java:25)
	at restaurant.test.testng.Tests.testThrowSinSaldoException(Tests.java:185)
	at java.base/jdk.internal.reflect.NativeMethodAccessorImpl.invoke0(Native Method)
	at java.base/jdk.internal.reflect.NativeMethodAccessorImpl.invoke(NativeMethodAccessorImpl.java:78)
	at java.base/jdk.internal.reflect.DelegatingMethodAccessorImpl.invoke(DelegatingMethodAccessorImpl.java:43)
	at java.base/java.lang.reflect.Method.invoke(Method.java:567)
	at org.testng.internal.MethodInvocationHelper.invokeMethod(MethodInvocationHelper.java:133)
	at org.testng.internal.TestInvoker.invokeMethod(TestInvoker.java:598)
	at org.testng.internal.TestInvoker.invokeTestMethod(TestInvoker.java:173)
	at org.testng.internal.MethodRunner.runInSequence(MethodRunner.java:46)
	at org.testng.internal.TestInvoker$MethodInvocationAgent.invoke(TestInvoker.java:824)
	at org.testng.internal.TestInvoker.invokeTestMethods(TestInvoker.java:146)
	at org.testng.internal.TestMethodWorker.invokeTestMethods(TestMethodWorker.java:146)
	at org.testng.internal.TestMethodWorker.run(TestMethodWorker.java:128)
	at java.base/java.util.ArrayList.forEach(ArrayList.java:1511)
	at org.testng.TestRunner.privateRun(TestRunner.java:794)
	at org.testng.TestRunner.run(TestRunner.java:596)
	at org.testng.SuiteRunner.runTest(SuiteRunner.java:377)
	at org.testng.SuiteRunner.runSequentially(SuiteRunner.java:371)
	at org.testng.SuiteRunner.privateRun(SuiteRunner.java:332)
	at org.testng.SuiteRunner.run(SuiteRunner.java:276)
	at org.testng.SuiteRunnerWorker.runSuite(SuiteRunnerWorker.java:53)
	at org.testng.SuiteRunnerWorker.run(SuiteRunnerWorker.java:96)
	at org.testng.TestNG.runSuitesSequentially(TestNG.java:1212)
	at org.testng.TestNG.runSuitesLocally(TestNG.java:1134)
	at org.testng.TestNG.runSuites(TestNG.java:1063)
	at org.testng.TestNG.run(TestNG.java:1031)
	at org.testng.remote.AbstractRemoteTestNG.run(AbstractRemoteTestNG.java:115)
	at org.testng.remote.RemoteTestNG.initAndRun(RemoteTestNG.java:251)
	at org.testng.remote.RemoteTestNG.main(RemoteTestNG.java:77)
</div></td></tr></table><p class="totop"><a href="#summary">back to summary</a></p>
<h3 id="m41">restaurant.test.testng.Tests#testThrowSinSaldoException</h3><table class="result"><tr class="param"><th>Parameter #1</th></tr><tr class="param stripe"><td>Homerohomerojsimpson@springfield.com</td></tr><tr><th>Expected Exception</th></tr><tr><td><div class="stacktrace">No tiene suficiente saldo
	at restaurant.java.Usuario.descontarSaldo(Usuario.java:25)
	at restaurant.test.testng.Tests.testThrowSinSaldoException(Tests.java:185)
	at java.base/jdk.internal.reflect.NativeMethodAccessorImpl.invoke0(Native Method)
	at java.base/jdk.internal.reflect.NativeMethodAccessorImpl.invoke(NativeMethodAccessorImpl.java:78)
	at java.base/jdk.internal.reflect.DelegatingMethodAccessorImpl.invoke(DelegatingMethodAccessorImpl.java:43)
	at java.base/java.lang.reflect.Method.invoke(Method.java:567)
	at org.testng.internal.MethodInvocationHelper.invokeMethod(MethodInvocationHelper.java:133)
	at org.testng.internal.TestInvoker.invokeMethod(TestInvoker.java:598)
	at org.testng.internal.TestInvoker.invokeTestMethod(TestInvoker.java:173)
	at org.testng.internal.MethodRunner.runInSequence(MethodRunner.java:46)
	at org.testng.internal.TestInvoker$MethodInvocationAgent.invoke(TestInvoker.java:824)
	at org.testng.internal.TestInvoker.invokeTestMethods(TestInvoker.java:146)
	at org.testng.internal.TestMethodWorker.invokeTestMethods(TestMethodWorker.java:146)
	at org.testng.internal.TestMethodWorker.run(TestMethodWorker.java:128)
	at java.base/java.util.ArrayList.forEach(ArrayList.java:1511)
	at org.testng.TestRunner.privateRun(TestRunner.java:794)
	at org.testng.TestRunner.run(TestRunner.java:596)
	at org.testng.SuiteRunner.runTest(SuiteRunner.java:377)
	at org.testng.SuiteRunner.runSequentially(SuiteRunner.java:371)
	at org.testng.SuiteRunner.privateRun(SuiteRunner.java:332)
	at org.testng.SuiteRunner.run(SuiteRunner.java:276)
	at org.testng.SuiteRunnerWorker.runSuite(SuiteRunnerWorker.java:53)
	at org.testng.SuiteRunnerWorker.run(SuiteRunnerWorker.java:96)
	at org.testng.TestNG.runSuitesSequentially(TestNG.java:1212)
	at org.testng.TestNG.runSuitesLocally(TestNG.java:1134)
	at org.testng.TestNG.runSuites(TestNG.java:1063)
	at org.testng.TestNG.run(TestNG.java:1031)
	at org.testng.remote.AbstractRemoteTestNG.run(AbstractRemoteTestNG.java:115)
	at org.testng.remote.RemoteTestNG.initAndRun(RemoteTestNG.java:251)
	at org.testng.remote.RemoteTestNG.main(RemoteTestNG.java:77)
</div></td></tr></table><p class="totop"><a href="#summary">back to summary</a></p>
<h3 id="m42">restaurant.test.testng.Tests#testThrowSinSaldoException</h3><table class="result"><tr class="param"><th>Parameter #1</th></tr><tr class="param stripe"><td>Barney Gomezel14gomez@springfield.com</td></tr><tr><th>Expected Exception</th></tr><tr><td><div class="stacktrace">No tiene suficiente saldo
	at restaurant.java.Usuario.descontarSaldo(Usuario.java:25)
	at restaurant.test.testng.Tests.testThrowSinSaldoException(Tests.java:185)
	at java.base/jdk.internal.reflect.NativeMethodAccessorImpl.invoke0(Native Method)
	at java.base/jdk.internal.reflect.NativeMethodAccessorImpl.invoke(NativeMethodAccessorImpl.java:78)
	at java.base/jdk.internal.reflect.DelegatingMethodAccessorImpl.invoke(DelegatingMethodAccessorImpl.java:43)
	at java.base/java.lang.reflect.Method.invoke(Method.java:567)
	at org.testng.internal.MethodInvocationHelper.invokeMethod(MethodInvocationHelper.java:133)
	at org.testng.internal.TestInvoker.invokeMethod(TestInvoker.java:598)
	at org.testng.internal.TestInvoker.invokeTestMethod(TestInvoker.java:173)
	at org.testng.internal.MethodRunner.runInSequence(MethodRunner.java:46)
	at org.testng.internal.TestInvoker$MethodInvocationAgent.invoke(TestInvoker.java:824)
	at org.testng.internal.TestInvoker.invokeTestMethods(TestInvoker.java:146)
	at org.testng.internal.TestMethodWorker.invokeTestMethods(TestMethodWorker.java:146)
	at org.testng.internal.TestMethodWorker.run(TestMethodWorker.java:128)
	at java.base/java.util.ArrayList.forEach(ArrayList.java:1511)
	at org.testng.TestRunner.privateRun(TestRunner.java:794)
	at org.testng.TestRunner.run(TestRunner.java:596)
	at org.testng.SuiteRunner.runTest(SuiteRunner.java:377)
	at org.testng.SuiteRunner.runSequentially(SuiteRunner.java:371)
	at org.testng.SuiteRunner.privateRun(SuiteRunner.java:332)
	at org.testng.SuiteRunner.run(SuiteRunner.java:276)
	at org.testng.SuiteRunnerWorker.runSuite(SuiteRunnerWorker.java:53)
	at org.testng.SuiteRunnerWorker.run(SuiteRunnerWorker.java:96)
	at org.testng.TestNG.runSuitesSequentially(TestNG.java:1212)
	at org.testng.TestNG.runSuitesLocally(TestNG.java:1134)
	at org.testng.TestNG.runSuites(TestNG.java:1063)
	at org.testng.TestNG.run(TestNG.java:1031)
	at org.testng.remote.AbstractRemoteTestNG.run(AbstractRemoteTestNG.java:115)
	at org.testng.remote.RemoteTestNG.initAndRun(RemoteTestNG.java:251)
	at org.testng.remote.RemoteTestNG.main(RemoteTestNG.java:77)
</div></td></tr></table><p class="totop"><a href="#summary">back to summary</a></p>
<h3 id="m43">restaurant.test.testng.Tests#testThrowSinSaldoException</h3><table class="result"><tr class="param"><th>Parameter #1</th></tr><tr class="param stripe"><td>Edna Krabappelednak@springfield.com</td></tr><tr><th>Expected Exception</th></tr><tr><td><div class="stacktrace">No tiene suficiente saldo
	at restaurant.java.Usuario.descontarSaldo(Usuario.java:25)
	at restaurant.test.testng.Tests.testThrowSinSaldoException(Tests.java:185)
	at java.base/jdk.internal.reflect.NativeMethodAccessorImpl.invoke0(Native Method)
	at java.base/jdk.internal.reflect.NativeMethodAccessorImpl.invoke(NativeMethodAccessorImpl.java:78)
	at java.base/jdk.internal.reflect.DelegatingMethodAccessorImpl.invoke(DelegatingMethodAccessorImpl.java:43)
	at java.base/java.lang.reflect.Method.invoke(Method.java:567)
	at org.testng.internal.MethodInvocationHelper.invokeMethod(MethodInvocationHelper.java:133)
	at org.testng.internal.TestInvoker.invokeMethod(TestInvoker.java:598)
	at org.testng.internal.TestInvoker.invokeTestMethod(TestInvoker.java:173)
	at org.testng.internal.MethodRunner.runInSequence(MethodRunner.java:46)
	at org.testng.internal.TestInvoker$MethodInvocationAgent.invoke(TestInvoker.java:824)
	at org.testng.internal.TestInvoker.invokeTestMethods(TestInvoker.java:146)
	at org.testng.internal.TestMethodWorker.invokeTestMethods(TestMethodWorker.java:146)
	at org.testng.internal.TestMethodWorker.run(TestMethodWorker.java:128)
	at java.base/java.util.ArrayList.forEach(ArrayList.java:1511)
	at org.testng.TestRunner.privateRun(TestRunner.java:794)
	at org.testng.TestRunner.run(TestRunner.java:596)
	at org.testng.SuiteRunner.runTest(SuiteRunner.java:377)
	at org.testng.SuiteRunner.runSequentially(SuiteRunner.java:371)
	at org.testng.SuiteRunner.privateRun(SuiteRunner.java:332)
	at org.testng.SuiteRunner.run(SuiteRunner.java:276)
	at org.testng.SuiteRunnerWorker.runSuite(SuiteRunnerWorker.java:53)
	at org.testng.SuiteRunnerWorker.run(SuiteRunnerWorker.java:96)
	at org.testng.TestNG.runSuitesSequentially(TestNG.java:1212)
	at org.testng.TestNG.runSuitesLocally(TestNG.java:1134)
	at org.testng.TestNG.runSuites(TestNG.java:1063)
	at org.testng.TestNG.run(TestNG.java:1031)
	at org.testng.remote.AbstractRemoteTestNG.run(AbstractRemoteTestNG.java:115)
	at org.testng.remote.RemoteTestNG.initAndRun(RemoteTestNG.java:251)
	at org.testng.remote.RemoteTestNG.main(RemoteTestNG.java:77)
</div></td></tr></table><p class="totop"><a href="#summary">back to summary</a></p>
</body>
</html>
